<?xml version="1.0" encoding="UTF-8"?>
<!-- Generated by org.testng.reporters.JUnitXMLReporter -->
<testsuite ignored="0" hostname="LAPTOP-DOBLN3AU" failures="0" tests="6" name="Default test" time="51.966" errors="0" timestamp="2023-10-04T09:29:58 IST">
  <testcase classname="com.phase2.apachePOI.DataDrivertest2ReadExcel" name="createaccountTest" time="3.775"/>
  <testcase classname="com.phase2.apachePOI.DataDrivertest2ReadExcel" name="createaccountTest" time="3.86"/>
  <testcase classname="com.phase2.apachePOI.DataDrivertest2ReadExcel" name="createaccountTest" time="3.704"/>
  <testcase classname="com.phase2.apachePOI.DataDrivertest2ReadExcel" name="createaccountTest" time="3.755"/>
  <testcase classname="com.phase2.apachePOI.DataDrivertest2ReadExcel" name="createaccountTest" time="3.703"/>
  <testcase classname="com.phase2.apachePOI.DataDrivertest2ReadExcel" name="createaccountTest" time="3.815"/>
</testsuite> <!-- Default test -->
