<?xml version="1.0" encoding="UTF-8"?>
<testng-results ignored="0" total="6" passed="6" failed="0" skipped="0">
  <reporter-output>
  </reporter-output>
  <suite started-at="2023-10-04T09:29:06 IST" name="Default suite" finished-at="2023-10-04T09:29:58 IST" duration-ms="51966">
    <groups>
    </groups>
    <test started-at="2023-10-04T09:29:06 IST" name="Default test" finished-at="2023-10-04T09:29:58 IST" duration-ms="51966">
      <class name="com.phase2.apachePOI.DataDrivertest2ReadExcel">
        <test-method is-config="true" signature="setup()[pri:0, instance:com.phase2.apachePOI.DataDrivertest2ReadExcel@58cbafc2]" started-at="2023-10-04T09:29:07 IST" name="setup" finished-at="2023-10-04T09:29:14 IST" duration-ms="7290" status="PASS">
          <reporter-output>
          </reporter-output>
        </test-method> <!-- setup -->
        <test-method signature="createaccountTest(java.lang.String,java.lang.String,java.lang.String,java.lang.String)[pri:0, instance:com.phase2.apachePOI.DataDrivertest2ReadExcel@58cbafc2]" started-at="2023-10-04T09:29:14 IST" name="createaccountTest" data-provider="testdata" finished-at="2023-10-04T09:29:18 IST" duration-ms="3775" status="PASS">
          <params>
            <param index="0">
              <value>
                <![CDATA[James]]>
              </value>
            </param>
            <param index="1">
              <value>
                <![CDATA[James]]>
              </value>
            </param>
            <param index="2">
              <value>
                <![CDATA[James]]>
              </value>
            </param>
            <param index="3">
              <value>
                <![CDATA[James@gmail.com]]>
              </value>
            </param>
          </params>
          <reporter-output>
          </reporter-output>
        </test-method> <!-- createaccountTest -->
        <test-method is-config="true" signature="teardown()[pri:0, instance:com.phase2.apachePOI.DataDrivertest2ReadExcel@58cbafc2]" started-at="2023-10-04T09:29:18 IST" name="teardown" finished-at="2023-10-04T09:29:18 IST" duration-ms="538" status="PASS">
          <reporter-output>
          </reporter-output>
        </test-method> <!-- teardown -->
        <test-method is-config="true" signature="setup()[pri:0, instance:com.phase2.apachePOI.DataDrivertest2ReadExcel@58cbafc2]" started-at="2023-10-04T09:29:18 IST" name="setup" finished-at="2023-10-04T09:29:22 IST" duration-ms="3905" status="PASS">
          <reporter-output>
          </reporter-output>
        </test-method> <!-- setup -->
        <test-method signature="createaccountTest(java.lang.String,java.lang.String,java.lang.String,java.lang.String)[pri:0, instance:com.phase2.apachePOI.DataDrivertest2ReadExcel@58cbafc2]" started-at="2023-10-04T09:29:22 IST" name="createaccountTest" data-provider="testdata" finished-at="2023-10-04T09:29:26 IST" duration-ms="3860" status="PASS">
          <params>
            <param index="0">
              <value>
                <![CDATA[Marc]]>
              </value>
            </param>
            <param index="1">
              <value>
                <![CDATA[Marc]]>
              </value>
            </param>
            <param index="2">
              <value>
                <![CDATA[Marc]]>
              </value>
            </param>
            <param index="3">
              <value>
                <![CDATA[Marc@gmail.com]]>
              </value>
            </param>
          </params>
          <reporter-output>
          </reporter-output>
        </test-method> <!-- createaccountTest -->
        <test-method is-config="true" signature="teardown()[pri:0, instance:com.phase2.apachePOI.DataDrivertest2ReadExcel@58cbafc2]" started-at="2023-10-04T09:29:26 IST" name="teardown" finished-at="2023-10-04T09:29:27 IST" duration-ms="380" status="PASS">
          <reporter-output>
          </reporter-output>
        </test-method> <!-- teardown -->
        <test-method is-config="true" signature="setup()[pri:0, instance:com.phase2.apachePOI.DataDrivertest2ReadExcel@58cbafc2]" started-at="2023-10-04T09:29:27 IST" name="setup" finished-at="2023-10-04T09:29:30 IST" duration-ms="3258" status="PASS">
          <reporter-output>
          </reporter-output>
        </test-method> <!-- setup -->
        <test-method signature="createaccountTest(java.lang.String,java.lang.String,java.lang.String,java.lang.String)[pri:0, instance:com.phase2.apachePOI.DataDrivertest2ReadExcel@58cbafc2]" started-at="2023-10-04T09:29:30 IST" name="createaccountTest" data-provider="testdata" finished-at="2023-10-04T09:29:34 IST" duration-ms="3704" status="PASS">
          <params>
            <param index="0">
              <value>
                <![CDATA[Jaya]]>
              </value>
            </param>
            <param index="1">
              <value>
                <![CDATA[Jaya]]>
              </value>
            </param>
            <param index="2">
              <value>
                <![CDATA[Jaya]]>
              </value>
            </param>
            <param index="3">
              <value>
                <![CDATA[Jaya@123]]>
              </value>
            </param>
          </params>
          <reporter-output>
          </reporter-output>
        </test-method> <!-- createaccountTest -->
        <test-method is-config="true" signature="teardown()[pri:0, instance:com.phase2.apachePOI.DataDrivertest2ReadExcel@58cbafc2]" started-at="2023-10-04T09:29:34 IST" name="teardown" finished-at="2023-10-04T09:29:34 IST" duration-ms="774" status="PASS">
          <reporter-output>
          </reporter-output>
        </test-method> <!-- teardown -->
        <test-method is-config="true" signature="setup()[pri:0, instance:com.phase2.apachePOI.DataDrivertest2ReadExcel@58cbafc2]" started-at="2023-10-04T09:29:34 IST" name="setup" finished-at="2023-10-04T09:29:38 IST" duration-ms="3473" status="PASS">
          <reporter-output>
          </reporter-output>
        </test-method> <!-- setup -->
        <test-method signature="createaccountTest(java.lang.String,java.lang.String,java.lang.String,java.lang.String)[pri:0, instance:com.phase2.apachePOI.DataDrivertest2ReadExcel@58cbafc2]" started-at="2023-10-04T09:29:38 IST" name="createaccountTest" data-provider="testdata" finished-at="2023-10-04T09:29:42 IST" duration-ms="3755" status="PASS">
          <params>
            <param index="0">
              <value>
                <![CDATA[Riya]]>
              </value>
            </param>
            <param index="1">
              <value>
                <![CDATA[Riya]]>
              </value>
            </param>
            <param index="2">
              <value>
                <![CDATA[Riya]]>
              </value>
            </param>
            <param index="3">
              <value>
                <![CDATA[Riya@gmail.com]]>
              </value>
            </param>
          </params>
          <reporter-output>
          </reporter-output>
        </test-method> <!-- createaccountTest -->
        <test-method is-config="true" signature="teardown()[pri:0, instance:com.phase2.apachePOI.DataDrivertest2ReadExcel@58cbafc2]" started-at="2023-10-04T09:29:42 IST" name="teardown" finished-at="2023-10-04T09:29:42 IST" duration-ms="578" status="PASS">
          <reporter-output>
          </reporter-output>
        </test-method> <!-- teardown -->
        <test-method is-config="true" signature="setup()[pri:0, instance:com.phase2.apachePOI.DataDrivertest2ReadExcel@58cbafc2]" started-at="2023-10-04T09:29:42 IST" name="setup" finished-at="2023-10-04T09:29:46 IST" duration-ms="3552" status="PASS">
          <reporter-output>
          </reporter-output>
        </test-method> <!-- setup -->
        <test-method signature="createaccountTest(java.lang.String,java.lang.String,java.lang.String,java.lang.String)[pri:0, instance:com.phase2.apachePOI.DataDrivertest2ReadExcel@58cbafc2]" started-at="2023-10-04T09:29:46 IST" name="createaccountTest" data-provider="testdata" finished-at="2023-10-04T09:29:49 IST" duration-ms="3703" status="PASS">
          <params>
            <param index="0">
              <value>
                <![CDATA[Lata]]>
              </value>
            </param>
            <param index="1">
              <value>
                <![CDATA[Lata]]>
              </value>
            </param>
            <param index="2">
              <value>
                <![CDATA[Lata]]>
              </value>
            </param>
            <param index="3">
              <value>
                <![CDATA[Lata@gmail.com]]>
              </value>
            </param>
          </params>
          <reporter-output>
          </reporter-output>
        </test-method> <!-- createaccountTest -->
        <test-method is-config="true" signature="teardown()[pri:0, instance:com.phase2.apachePOI.DataDrivertest2ReadExcel@58cbafc2]" started-at="2023-10-04T09:29:49 IST" name="teardown" finished-at="2023-10-04T09:29:50 IST" duration-ms="430" status="PASS">
          <reporter-output>
          </reporter-output>
        </test-method> <!-- teardown -->
        <test-method is-config="true" signature="setup()[pri:0, instance:com.phase2.apachePOI.DataDrivertest2ReadExcel@58cbafc2]" started-at="2023-10-04T09:29:50 IST" name="setup" finished-at="2023-10-04T09:29:53 IST" duration-ms="3583" status="PASS">
          <reporter-output>
          </reporter-output>
        </test-method> <!-- setup -->
        <test-method signature="createaccountTest(java.lang.String,java.lang.String,java.lang.String,java.lang.String)[pri:0, instance:com.phase2.apachePOI.DataDrivertest2ReadExcel@58cbafc2]" started-at="2023-10-04T09:29:53 IST" name="createaccountTest" data-provider="testdata" finished-at="2023-10-04T09:29:57 IST" duration-ms="3815" status="PASS">
          <params>
            <param index="0">
              <value>
                <![CDATA[Ravi]]>
              </value>
            </param>
            <param index="1">
              <value>
                <![CDATA[Ravi]]>
              </value>
            </param>
            <param index="2">
              <value>
                <![CDATA[Ravi]]>
              </value>
            </param>
            <param index="3">
              <value>
                <![CDATA[Ravi@gmail.com]]>
              </value>
            </param>
          </params>
          <reporter-output>
          </reporter-output>
        </test-method> <!-- createaccountTest -->
        <test-method is-config="true" signature="teardown()[pri:0, instance:com.phase2.apachePOI.DataDrivertest2ReadExcel@58cbafc2]" started-at="2023-10-04T09:29:57 IST" name="teardown" finished-at="2023-10-04T09:29:58 IST" duration-ms="375" status="PASS">
          <reporter-output>
          </reporter-output>
        </test-method> <!-- teardown -->
      </class> <!-- com.phase2.apachePOI.DataDrivertest2ReadExcel -->
    </test> <!-- Default test -->
  </suite> <!-- Default suite -->
</testng-results>
